mode: set
github.com/julien-noblet/download-geofabrik/element.go:16.36,18.2 1 1
github.com/julien-noblet/download-geofabrik/element.go:20.66,22.16 2 1
github.com/julien-noblet/download-geofabrik/element.go:25.2,27.38 2 1
github.com/julien-noblet/download-geofabrik/element.go:30.2,30.17 1 1
github.com/julien-noblet/download-geofabrik/element.go:22.16,24.3 1 1
github.com/julien-noblet/download-geofabrik/element.go:27.38,29.3 1 1
github.com/julien-noblet/download-geofabrik/element.go:33.57,36.16 3 1
github.com/julien-noblet/download-geofabrik/element.go:39.2,39.24 1 1
github.com/julien-noblet/download-geofabrik/element.go:56.2,57.17 2 1
github.com/julien-noblet/download-geofabrik/element.go:36.16,38.3 1 1
github.com/julien-noblet/download-geofabrik/element.go:39.24,41.17 2 1
github.com/julien-noblet/download-geofabrik/element.go:44.3,45.17 2 1
github.com/julien-noblet/download-geofabrik/element.go:48.3,49.24 2 1
github.com/julien-noblet/download-geofabrik/element.go:54.3,54.18 1 1
github.com/julien-noblet/download-geofabrik/element.go:41.17,43.4 1 1
github.com/julien-noblet/download-geofabrik/element.go:45.17,47.4 1 0
github.com/julien-noblet/download-geofabrik/element.go:49.24,51.4 1 1
github.com/julien-noblet/download-geofabrik/element.go:51.9,53.4 1 1
github.com/julien-noblet/download-geofabrik/element.go:60.54,63.33 2 1
github.com/julien-noblet/download-geofabrik/element.go:66.2,66.18 1 1
github.com/julien-noblet/download-geofabrik/element.go:63.33,65.3 1 1
github.com/julien-noblet/download-geofabrik/element.go:72.52,73.26 1 1
github.com/julien-noblet/download-geofabrik/element.go:78.2,78.14 1 1
github.com/julien-noblet/download-geofabrik/element.go:73.26,74.14 1 1
github.com/julien-noblet/download-geofabrik/element.go:74.14,76.4 1 1
github.com/julien-noblet/download-geofabrik/formats.go:14.37,16.25 2 1
github.com/julien-noblet/download-geofabrik/formats.go:34.2,34.30 1 1
github.com/julien-noblet/download-geofabrik/formats.go:16.25,17.15 1 1
github.com/julien-noblet/download-geofabrik/formats.go:18.16,19.16 1 1
github.com/julien-noblet/download-geofabrik/formats.go:20.18,21.16 1 1
github.com/julien-noblet/download-geofabrik/formats.go:22.18,23.16 1 1
github.com/julien-noblet/download-geofabrik/formats.go:24.18,25.16 1 1
github.com/julien-noblet/download-geofabrik/formats.go:26.15,27.16 1 1
github.com/julien-noblet/download-geofabrik/formats.go:28.18,29.16 1 1
github.com/julien-noblet/download-geofabrik/formats.go:30.14,31.16 1 1
github.com/julien-noblet/download-geofabrik/formats.go:38.29,40.14 2 0
github.com/julien-noblet/download-geofabrik/formats.go:43.2,43.14 1 0
github.com/julien-noblet/download-geofabrik/formats.go:46.2,46.14 1 0
github.com/julien-noblet/download-geofabrik/formats.go:49.2,49.14 1 0
github.com/julien-noblet/download-geofabrik/formats.go:52.2,52.13 1 0
github.com/julien-noblet/download-geofabrik/formats.go:55.2,55.12 1 0
github.com/julien-noblet/download-geofabrik/formats.go:58.2,58.11 1 0
github.com/julien-noblet/download-geofabrik/formats.go:61.2,61.26 1 0
github.com/julien-noblet/download-geofabrik/formats.go:64.2,64.20 1 0
github.com/julien-noblet/download-geofabrik/formats.go:40.14,42.3 1 0
github.com/julien-noblet/download-geofabrik/formats.go:43.14,45.3 1 0
github.com/julien-noblet/download-geofabrik/formats.go:46.14,48.3 1 0
github.com/julien-noblet/download-geofabrik/formats.go:49.14,51.3 1 0
github.com/julien-noblet/download-geofabrik/formats.go:52.13,54.3 1 0
github.com/julien-noblet/download-geofabrik/formats.go:55.12,57.3 1 0
github.com/julien-noblet/download-geofabrik/formats.go:58.11,60.3 1 0
github.com/julien-noblet/download-geofabrik/formats.go:61.26,63.3 1 0
github.com/julien-noblet/download-geofabrik/generator.go:26.66,29.2 2 1
github.com/julien-noblet/download-geofabrik/generator.go:38.52,40.21 2 1
github.com/julien-noblet/download-geofabrik/generator.go:40.21,43.12 3 1
github.com/julien-noblet/download-geofabrik/generator.go:43.12,46.40 3 1
github.com/julien-noblet/download-geofabrik/generator.go:46.40,50.5 2 1
github.com/julien-noblet/download-geofabrik/generator.go:55.118,59.74 4 1
github.com/julien-noblet/download-geofabrik/generator.go:194.2,194.18 1 1
github.com/julien-noblet/download-geofabrik/generator.go:59.74,62.24 2 1
github.com/julien-noblet/download-geofabrik/generator.go:68.3,69.43 2 1
github.com/julien-noblet/download-geofabrik/generator.go:107.3,107.36 1 1
github.com/julien-noblet/download-geofabrik/generator.go:111.3,121.34 8 1
github.com/julien-noblet/download-geofabrik/generator.go:133.3,187.29 2 1
github.com/julien-noblet/download-geofabrik/generator.go:190.3,190.56 1 1
github.com/julien-noblet/download-geofabrik/generator.go:62.24,64.4 1 1
github.com/julien-noblet/download-geofabrik/generator.go:64.9,67.4 2 1
github.com/julien-noblet/download-geofabrik/generator.go:69.43,75.29 6 1
github.com/julien-noblet/download-geofabrik/generator.go:75.29,80.13 3 1
github.com/julien-noblet/download-geofabrik/generator.go:104.5,104.12 1 1
github.com/julien-noblet/download-geofabrik/generator.go:80.13,81.19 1 1
github.com/julien-noblet/download-geofabrik/generator.go:82.13,85.32 3 1
github.com/julien-noblet/download-geofabrik/generator.go:86.13,88.32 2 1
github.com/julien-noblet/download-geofabrik/generator.go:89.13,91.32 2 1
github.com/julien-noblet/download-geofabrik/generator.go:92.13,94.32 2 1
github.com/julien-noblet/download-geofabrik/generator.go:95.13,98.32 3 1
github.com/julien-noblet/download-geofabrik/generator.go:99.13,101.32 2 1
github.com/julien-noblet/download-geofabrik/generator.go:107.36,109.4 1 0
github.com/julien-noblet/download-geofabrik/generator.go:121.34,123.38 2 0
github.com/julien-noblet/download-geofabrik/generator.go:123.38,126.5 2 0
github.com/julien-noblet/download-geofabrik/generator.go:126.10,130.5 3 0
github.com/julien-noblet/download-geofabrik/generator.go:187.29,189.4 1 1
github.com/julien-noblet/download-geofabrik/generator.go:190.56,192.4 1 1
github.com/julien-noblet/download-geofabrik/generator.go:197.52,198.42 1 1
github.com/julien-noblet/download-geofabrik/generator.go:212.2,212.12 1 1
github.com/julien-noblet/download-geofabrik/generator.go:198.42,199.34 1 1
github.com/julien-noblet/download-geofabrik/generator.go:202.3,203.27 2 1
github.com/julien-noblet/download-geofabrik/generator.go:208.3,208.30 1 1
github.com/julien-noblet/download-geofabrik/generator.go:199.34,201.4 1 1
github.com/julien-noblet/download-geofabrik/generator.go:203.27,205.4 1 1
github.com/julien-noblet/download-geofabrik/generator.go:205.9,207.4 1 1
github.com/julien-noblet/download-geofabrik/generator.go:209.8,211.3 1 1
github.com/julien-noblet/download-geofabrik/generator.go:215.114,218.43 3 1
github.com/julien-noblet/download-geofabrik/generator.go:223.2,224.31 2 1
github.com/julien-noblet/download-geofabrik/generator.go:269.2,269.18 1 1
github.com/julien-noblet/download-geofabrik/generator.go:218.43,220.3 1 1
github.com/julien-noblet/download-geofabrik/generator.go:220.8,220.50 1 1
github.com/julien-noblet/download-geofabrik/generator.go:220.50,222.3 1 0
github.com/julien-noblet/download-geofabrik/generator.go:224.31,228.30 3 1
github.com/julien-noblet/download-geofabrik/generator.go:228.30,231.12 3 1
github.com/julien-noblet/download-geofabrik/generator.go:231.12,233.181 1 1
github.com/julien-noblet/download-geofabrik/generator.go:233.181,240.44 6 1
github.com/julien-noblet/download-geofabrik/generator.go:243.6,245.46 3 1
github.com/julien-noblet/download-geofabrik/generator.go:248.6,248.55 1 1
github.com/julien-noblet/download-geofabrik/generator.go:240.44,242.7 1 1
github.com/julien-noblet/download-geofabrik/generator.go:245.46,247.7 1 0
github.com/julien-noblet/download-geofabrik/generator.go:248.55,251.7 2 1
github.com/julien-noblet/download-geofabrik/generator.go:251.12,252.47 1 1
github.com/julien-noblet/download-geofabrik/generator.go:256.7,257.31 2 1
github.com/julien-noblet/download-geofabrik/generator.go:262.7,263.28 2 1
github.com/julien-noblet/download-geofabrik/generator.go:252.47,255.8 2 0
github.com/julien-noblet/download-geofabrik/generator.go:257.31,259.8 1 0
github.com/julien-noblet/download-geofabrik/generator.go:259.13,261.8 1 1
github.com/julien-noblet/download-geofabrik/generator.go:273.109,274.42 1 0
github.com/julien-noblet/download-geofabrik/generator.go:277.2,277.16 1 0
github.com/julien-noblet/download-geofabrik/generator.go:280.2,280.24 1 0
github.com/julien-noblet/download-geofabrik/generator.go:274.42,276.3 1 0
github.com/julien-noblet/download-geofabrik/generator.go:277.16,279.3 1 0
github.com/julien-noblet/download-geofabrik/generator.go:281.31,282.41 1 0
github.com/julien-noblet/download-geofabrik/generator.go:283.35,284.37 1 0
github.com/julien-noblet/download-geofabrik/generator.go:285.10,286.73 1 0
github.com/julien-noblet/download-geofabrik/generator.go:292.68,293.15 1 0
github.com/julien-noblet/download-geofabrik/generator.go:296.2,296.34 1 0
github.com/julien-noblet/download-geofabrik/generator.go:332.2,332.14 1 0
github.com/julien-noblet/download-geofabrik/generator.go:293.15,295.3 1 0
github.com/julien-noblet/download-geofabrik/generator.go:296.34,299.3 1 0
github.com/julien-noblet/download-geofabrik/generator.go:299.8,299.63 1 0
github.com/julien-noblet/download-geofabrik/generator.go:299.63,301.3 1 0
github.com/julien-noblet/download-geofabrik/generator.go:301.8,301.63 1 0
github.com/julien-noblet/download-geofabrik/generator.go:301.63,303.3 1 0
github.com/julien-noblet/download-geofabrik/generator.go:303.8,303.59 1 0
github.com/julien-noblet/download-geofabrik/generator.go:303.59,305.3 1 0
github.com/julien-noblet/download-geofabrik/generator.go:305.8,305.60 1 0
github.com/julien-noblet/download-geofabrik/generator.go:305.60,307.3 1 0
github.com/julien-noblet/download-geofabrik/generator.go:307.8,307.56 1 0
github.com/julien-noblet/download-geofabrik/generator.go:307.56,309.3 1 0
github.com/julien-noblet/download-geofabrik/generator.go:309.8,309.53 1 0
github.com/julien-noblet/download-geofabrik/generator.go:309.53,311.3 1 0
github.com/julien-noblet/download-geofabrik/generator.go:311.8,311.53 1 0
github.com/julien-noblet/download-geofabrik/generator.go:311.53,313.3 1 0
github.com/julien-noblet/download-geofabrik/generator.go:313.8,313.54 1 0
github.com/julien-noblet/download-geofabrik/generator.go:313.54,315.3 1 0
github.com/julien-noblet/download-geofabrik/generator.go:315.8,315.53 1 0
github.com/julien-noblet/download-geofabrik/generator.go:315.53,317.3 1 0
github.com/julien-noblet/download-geofabrik/generator.go:317.8,317.53 1 0
github.com/julien-noblet/download-geofabrik/generator.go:317.53,319.3 1 0
github.com/julien-noblet/download-geofabrik/generator.go:319.8,319.53 1 0
github.com/julien-noblet/download-geofabrik/generator.go:319.53,321.3 1 0
github.com/julien-noblet/download-geofabrik/generator.go:321.8,321.50 1 0
github.com/julien-noblet/download-geofabrik/generator.go:321.50,323.3 1 0
github.com/julien-noblet/download-geofabrik/generator.go:323.8,323.58 1 0
github.com/julien-noblet/download-geofabrik/generator.go:323.58,325.3 1 0
github.com/julien-noblet/download-geofabrik/generator.go:325.8,325.54 1 0
github.com/julien-noblet/download-geofabrik/generator.go:325.54,331.3 1 0
github.com/julien-noblet/download-geofabrik/generator.go:336.66,348.16 9 0
github.com/julien-noblet/download-geofabrik/generator.go:359.2,363.16 5 0
github.com/julien-noblet/download-geofabrik/generator.go:348.16,350.14 2 0
github.com/julien-noblet/download-geofabrik/generator.go:356.3,357.14 2 0
github.com/julien-noblet/download-geofabrik/generator.go:351.41,352.15 1 0
github.com/julien-noblet/download-geofabrik/generator.go:353.45,354.14 1 0
github.com/julien-noblet/download-geofabrik/generator.go:363.16,366.3 2 0
github.com/julien-noblet/download-geofabrik/generator.go:370.34,371.19 1 0
github.com/julien-noblet/download-geofabrik/generator.go:372.19,389.15 15 0
github.com/julien-noblet/download-geofabrik/generator.go:393.26,401.15 8 0
github.com/julien-noblet/download-geofabrik/generator.go:389.15,391.4 1 0
github.com/julien-noblet/download-geofabrik/generator.go:401.15,403.4 1 0
github.com/julien-noblet/download-geofabrik/config.go:26.53,29.16 3 1
github.com/julien-noblet/download-geofabrik/config.go:33.2,36.16 3 1
github.com/julien-noblet/download-geofabrik/config.go:40.2,40.25 1 1
github.com/julien-noblet/download-geofabrik/config.go:29.16,31.3 1 1
github.com/julien-noblet/download-geofabrik/config.go:36.16,38.3 1 1
github.com/julien-noblet/download-geofabrik/download-geofabrik.go:53.46,57.26 4 0
github.com/julien-noblet/download-geofabrik/download-geofabrik.go:61.2,63.28 3 0
github.com/julien-noblet/download-geofabrik/download-geofabrik.go:67.2,68.28 2 0
github.com/julien-noblet/download-geofabrik/download-geofabrik.go:71.2,72.54 2 0
github.com/julien-noblet/download-geofabrik/download-geofabrik.go:57.26,60.3 2 0
github.com/julien-noblet/download-geofabrik/download-geofabrik.go:63.28,66.3 2 0
github.com/julien-noblet/download-geofabrik/download-geofabrik.go:68.28,70.3 1 0
github.com/julien-noblet/download-geofabrik/download-geofabrik.go:76.56,77.14 1 0
github.com/julien-noblet/download-geofabrik/download-geofabrik.go:80.2,81.16 2 0
github.com/julien-noblet/download-geofabrik/download-geofabrik.go:87.2,87.27 1 0
github.com/julien-noblet/download-geofabrik/download-geofabrik.go:90.2,90.12 1 0
github.com/julien-noblet/download-geofabrik/download-geofabrik.go:77.14,79.3 1 0
github.com/julien-noblet/download-geofabrik/download-geofabrik.go:81.16,82.16 1 0
github.com/julien-noblet/download-geofabrik/download-geofabrik.go:85.3,85.73 1 0
github.com/julien-noblet/download-geofabrik/download-geofabrik.go:82.16,84.4 1 0
github.com/julien-noblet/download-geofabrik/download-geofabrik.go:87.27,89.3 1 0
github.com/julien-noblet/download-geofabrik/download-geofabrik.go:93.26,94.19 1 1
github.com/julien-noblet/download-geofabrik/download-geofabrik.go:103.2,103.14 1 1
github.com/julien-noblet/download-geofabrik/download-geofabrik.go:95.19,96.14 1 1
github.com/julien-noblet/download-geofabrik/download-geofabrik.go:97.26,98.53 1 1
github.com/julien-noblet/download-geofabrik/download-geofabrik.go:101.3,101.14 1 1
github.com/julien-noblet/download-geofabrik/download-geofabrik.go:98.53,100.4 1 1
github.com/julien-noblet/download-geofabrik/download-geofabrik.go:106.23,107.16 1 1
github.com/julien-noblet/download-geofabrik/download-geofabrik.go:107.16,109.3 1 1
github.com/julien-noblet/download-geofabrik/download-geofabrik.go:112.13,118.51 2 0
github.com/julien-noblet/download-geofabrik/download-geofabrik.go:120.26,123.11 3 0
github.com/julien-noblet/download-geofabrik/download-geofabrik.go:126.3,128.37 3 0
github.com/julien-noblet/download-geofabrik/download-geofabrik.go:129.28,131.32 2 0
github.com/julien-noblet/download-geofabrik/download-geofabrik.go:132.30,137.38 5 0
github.com/julien-noblet/download-geofabrik/download-geofabrik.go:177.30,179.21 2 0
github.com/julien-noblet/download-geofabrik/download-geofabrik.go:123.11,125.4 1 0
github.com/julien-noblet/download-geofabrik/download-geofabrik.go:137.38,138.15 1 0
github.com/julien-noblet/download-geofabrik/download-geofabrik.go:138.15,139.44 1 0
github.com/julien-noblet/download-geofabrik/download-geofabrik.go:139.44,140.37 1 0
github.com/julien-noblet/download-geofabrik/download-geofabrik.go:140.37,141.19 1 0
github.com/julien-noblet/download-geofabrik/download-geofabrik.go:144.7,150.31 7 0
github.com/julien-noblet/download-geofabrik/download-geofabrik.go:141.19,143.8 1 0
github.com/julien-noblet/download-geofabrik/download-geofabrik.go:152.12,153.19 1 0
github.com/julien-noblet/download-geofabrik/download-geofabrik.go:153.19,155.8 1 0
github.com/julien-noblet/download-geofabrik/download-geofabrik.go:157.11,164.49 7 0
github.com/julien-noblet/download-geofabrik/download-geofabrik.go:164.49,166.7 1 0
github.com/julien-noblet/download-geofabrik/download-geofabrik.go:168.10,175.5 6 0
github.com/julien-noblet/download-geofabrik/download-geofabrik.go:184.38,185.45 1 1
github.com/julien-noblet/download-geofabrik/download-geofabrik.go:188.2,188.14 1 0
github.com/julien-noblet/download-geofabrik/download-geofabrik.go:185.45,187.3 1 1
github.com/julien-noblet/download-geofabrik/download-geofabrik.go:191.51,193.25 2 1
github.com/julien-noblet/download-geofabrik/download-geofabrik.go:208.2,208.29 1 0
github.com/julien-noblet/download-geofabrik/download-geofabrik.go:193.25,195.17 2 1
github.com/julien-noblet/download-geofabrik/download-geofabrik.go:198.3,201.48 3 1
github.com/julien-noblet/download-geofabrik/download-geofabrik.go:204.3,206.30 3 1
github.com/julien-noblet/download-geofabrik/download-geofabrik.go:195.17,197.4 1 0
github.com/julien-noblet/download-geofabrik/download-geofabrik.go:201.48,203.4 1 0
github.com/julien-noblet/download-geofabrik/download-geofabrik.go:211.62,212.25 1 1
github.com/julien-noblet/download-geofabrik/download-geofabrik.go:225.2,225.19 1 1
github.com/julien-noblet/download-geofabrik/download-geofabrik.go:212.25,214.17 2 1
github.com/julien-noblet/download-geofabrik/download-geofabrik.go:217.3,218.28 2 1
github.com/julien-noblet/download-geofabrik/download-geofabrik.go:221.3,221.40 1 1
github.com/julien-noblet/download-geofabrik/download-geofabrik.go:214.17,216.4 1 0
github.com/julien-noblet/download-geofabrik/download-geofabrik.go:218.28,220.4 1 0
github.com/julien-noblet/download-geofabrik/download-geofabrik.go:221.40,223.4 1 1
github.com/julien-noblet/download-geofabrik/download-geofabrik.go:228.43,230.13 2 1
github.com/julien-noblet/download-geofabrik/download-geofabrik.go:268.2,268.12 1 1
github.com/julien-noblet/download-geofabrik/download-geofabrik.go:230.13,237.45 7 1
github.com/julien-noblet/download-geofabrik/download-geofabrik.go:264.3,264.15 1 0
github.com/julien-noblet/download-geofabrik/download-geofabrik.go:237.45,241.29 4 1
github.com/julien-noblet/download-geofabrik/download-geofabrik.go:244.4,245.18 2 1
github.com/julien-noblet/download-geofabrik/download-geofabrik.go:248.4,248.29 1 1
github.com/julien-noblet/download-geofabrik/download-geofabrik.go:251.4,252.18 2 1
github.com/julien-noblet/download-geofabrik/download-geofabrik.go:255.4,255.16 1 1
github.com/julien-noblet/download-geofabrik/download-geofabrik.go:262.4,262.14 1 1
github.com/julien-noblet/download-geofabrik/download-geofabrik.go:241.29,243.5 1 0
github.com/julien-noblet/download-geofabrik/download-geofabrik.go:245.18,247.5 1 0
github.com/julien-noblet/download-geofabrik/download-geofabrik.go:248.29,250.5 1 0
github.com/julien-noblet/download-geofabrik/download-geofabrik.go:252.18,254.5 1 0
github.com/julien-noblet/download-geofabrik/download-geofabrik.go:255.16,256.12 1 0
github.com/julien-noblet/download-geofabrik/download-geofabrik.go:256.12,258.6 1 0
github.com/julien-noblet/download-geofabrik/download-geofabrik.go:258.11,260.6 1 0
github.com/julien-noblet/download-geofabrik/download-geofabrik.go:264.15,266.4 1 0
github.com/julien-noblet/download-geofabrik/download.go:19.59,20.27 1 1
github.com/julien-noblet/download-geofabrik/download.go:24.2,24.19 1 1
github.com/julien-noblet/download-geofabrik/download.go:96.2,96.12 1 1
github.com/julien-noblet/download-geofabrik/download.go:20.27,22.3 1 0
github.com/julien-noblet/download-geofabrik/download.go:24.19,27.24 2 1
github.com/julien-noblet/download-geofabrik/download.go:39.3,40.25 2 1
github.com/julien-noblet/download-geofabrik/download.go:48.3,49.17 2 1
github.com/julien-noblet/download-geofabrik/download.go:52.3,52.33 1 1
github.com/julien-noblet/download-geofabrik/download.go:55.3,63.17 5 1
github.com/julien-noblet/download-geofabrik/download.go:66.3,71.73 6 1
github.com/julien-noblet/download-geofabrik/download.go:82.3,83.17 2 1
github.com/julien-noblet/download-geofabrik/download.go:86.3,86.15 1 1
github.com/julien-noblet/download-geofabrik/download.go:27.24,31.46 3 0
github.com/julien-noblet/download-geofabrik/download.go:34.4,34.18 1 0
github.com/julien-noblet/download-geofabrik/download.go:37.4,37.63 1 0
github.com/julien-noblet/download-geofabrik/download.go:31.46,33.5 1 0
github.com/julien-noblet/download-geofabrik/download.go:34.18,36.5 1 0
github.com/julien-noblet/download-geofabrik/download.go:40.25,43.18 3 0
github.com/julien-noblet/download-geofabrik/download.go:46.4,46.32 1 0
github.com/julien-noblet/download-geofabrik/download.go:43.18,45.5 1 0
github.com/julien-noblet/download-geofabrik/download.go:49.17,51.4 1 0
github.com/julien-noblet/download-geofabrik/download.go:52.33,54.4 1 1
github.com/julien-noblet/download-geofabrik/download.go:63.17,65.4 1 0
github.com/julien-noblet/download-geofabrik/download.go:71.73,81.4 8 1
github.com/julien-noblet/download-geofabrik/download.go:83.17,85.4 1 0
github.com/julien-noblet/download-geofabrik/download.go:86.15,87.26 1 1
github.com/julien-noblet/download-geofabrik/download.go:90.4,91.17 2 1
github.com/julien-noblet/download-geofabrik/download.go:87.26,89.5 1 1
github.com/julien-noblet/download-geofabrik/download.go:91.17,93.5 1 0
