mode: set
github.com/julien-noblet/download-geofabrik/config.go:26.53,29.16 3 1
github.com/julien-noblet/download-geofabrik/config.go:33.2,36.16 3 1
github.com/julien-noblet/download-geofabrik/config.go:40.2,40.25 1 1
github.com/julien-noblet/download-geofabrik/config.go:29.16,31.3 1 1
github.com/julien-noblet/download-geofabrik/config.go:36.16,38.3 1 1
github.com/julien-noblet/download-geofabrik/download-geofabrik.go:50.46,54.26 4 0
github.com/julien-noblet/download-geofabrik/download-geofabrik.go:58.2,60.28 3 0
github.com/julien-noblet/download-geofabrik/download-geofabrik.go:64.2,65.28 2 0
github.com/julien-noblet/download-geofabrik/download-geofabrik.go:68.2,69.54 2 0
github.com/julien-noblet/download-geofabrik/download-geofabrik.go:54.26,57.3 2 0
github.com/julien-noblet/download-geofabrik/download-geofabrik.go:60.28,63.3 2 0
github.com/julien-noblet/download-geofabrik/download-geofabrik.go:65.28,67.3 1 0
github.com/julien-noblet/download-geofabrik/download-geofabrik.go:73.56,74.14 1 0
github.com/julien-noblet/download-geofabrik/download-geofabrik.go:77.2,78.16 2 0
github.com/julien-noblet/download-geofabrik/download-geofabrik.go:84.2,84.27 1 0
github.com/julien-noblet/download-geofabrik/download-geofabrik.go:87.2,87.12 1 0
github.com/julien-noblet/download-geofabrik/download-geofabrik.go:74.14,76.3 1 0
github.com/julien-noblet/download-geofabrik/download-geofabrik.go:78.16,79.16 1 0
github.com/julien-noblet/download-geofabrik/download-geofabrik.go:82.3,82.73 1 0
github.com/julien-noblet/download-geofabrik/download-geofabrik.go:79.16,81.4 1 0
github.com/julien-noblet/download-geofabrik/download-geofabrik.go:84.27,86.3 1 0
github.com/julien-noblet/download-geofabrik/download-geofabrik.go:90.26,91.19 1 1
github.com/julien-noblet/download-geofabrik/download-geofabrik.go:100.2,100.14 1 1
github.com/julien-noblet/download-geofabrik/download-geofabrik.go:92.19,93.14 1 1
github.com/julien-noblet/download-geofabrik/download-geofabrik.go:94.26,95.53 1 1
github.com/julien-noblet/download-geofabrik/download-geofabrik.go:98.3,98.14 1 1
github.com/julien-noblet/download-geofabrik/download-geofabrik.go:95.53,97.4 1 1
github.com/julien-noblet/download-geofabrik/download-geofabrik.go:103.23,104.16 1 1
github.com/julien-noblet/download-geofabrik/download-geofabrik.go:104.16,106.3 1 1
github.com/julien-noblet/download-geofabrik/download-geofabrik.go:109.13,110.51 1 0
github.com/julien-noblet/download-geofabrik/download-geofabrik.go:112.26,115.11 3 0
github.com/julien-noblet/download-geofabrik/download-geofabrik.go:118.3,120.37 3 0
github.com/julien-noblet/download-geofabrik/download-geofabrik.go:121.28,123.32 2 0
github.com/julien-noblet/download-geofabrik/download-geofabrik.go:124.30,129.38 5 0
github.com/julien-noblet/download-geofabrik/download-geofabrik.go:165.30,167.21 2 0
github.com/julien-noblet/download-geofabrik/download-geofabrik.go:115.11,117.4 1 0
github.com/julien-noblet/download-geofabrik/download-geofabrik.go:129.38,130.15 1 0
github.com/julien-noblet/download-geofabrik/download-geofabrik.go:130.15,131.44 1 0
github.com/julien-noblet/download-geofabrik/download-geofabrik.go:149.5,154.48 6 0
github.com/julien-noblet/download-geofabrik/download-geofabrik.go:131.44,132.37 1 0
github.com/julien-noblet/download-geofabrik/download-geofabrik.go:132.37,133.19 1 0
github.com/julien-noblet/download-geofabrik/download-geofabrik.go:136.7,141.31 6 0
github.com/julien-noblet/download-geofabrik/download-geofabrik.go:133.19,135.8 1 0
github.com/julien-noblet/download-geofabrik/download-geofabrik.go:143.7,144.19 1 0
github.com/julien-noblet/download-geofabrik/download-geofabrik.go:144.19,146.8 1 0
github.com/julien-noblet/download-geofabrik/download-geofabrik.go:154.48,156.6 1 0
github.com/julien-noblet/download-geofabrik/download-geofabrik.go:157.5,163.5 5 0
github.com/julien-noblet/download-geofabrik/download-geofabrik.go:172.38,173.45 1 1
github.com/julien-noblet/download-geofabrik/download-geofabrik.go:176.2,176.14 1 0
github.com/julien-noblet/download-geofabrik/download-geofabrik.go:173.45,175.3 1 1
github.com/julien-noblet/download-geofabrik/download-geofabrik.go:179.51,181.25 2 1
github.com/julien-noblet/download-geofabrik/download-geofabrik.go:196.2,196.29 1 0
github.com/julien-noblet/download-geofabrik/download-geofabrik.go:181.25,183.17 2 1
github.com/julien-noblet/download-geofabrik/download-geofabrik.go:186.3,189.48 3 1
github.com/julien-noblet/download-geofabrik/download-geofabrik.go:192.3,194.30 3 1
github.com/julien-noblet/download-geofabrik/download-geofabrik.go:183.17,185.4 1 0
github.com/julien-noblet/download-geofabrik/download-geofabrik.go:189.48,191.4 1 0
github.com/julien-noblet/download-geofabrik/download-geofabrik.go:199.62,200.25 1 1
github.com/julien-noblet/download-geofabrik/download-geofabrik.go:213.2,213.19 1 1
github.com/julien-noblet/download-geofabrik/download-geofabrik.go:200.25,202.17 2 1
github.com/julien-noblet/download-geofabrik/download-geofabrik.go:205.3,206.28 2 1
github.com/julien-noblet/download-geofabrik/download-geofabrik.go:209.3,209.40 1 1
github.com/julien-noblet/download-geofabrik/download-geofabrik.go:202.17,204.4 1 0
github.com/julien-noblet/download-geofabrik/download-geofabrik.go:206.28,208.4 1 0
github.com/julien-noblet/download-geofabrik/download-geofabrik.go:209.40,211.4 1 1
github.com/julien-noblet/download-geofabrik/download-geofabrik.go:216.43,218.13 2 1
github.com/julien-noblet/download-geofabrik/download-geofabrik.go:256.2,256.12 1 1
github.com/julien-noblet/download-geofabrik/download-geofabrik.go:218.13,225.45 7 1
github.com/julien-noblet/download-geofabrik/download-geofabrik.go:252.3,252.15 1 0
github.com/julien-noblet/download-geofabrik/download-geofabrik.go:225.45,229.29 4 1
github.com/julien-noblet/download-geofabrik/download-geofabrik.go:232.4,233.18 2 1
github.com/julien-noblet/download-geofabrik/download-geofabrik.go:236.4,236.29 1 1
github.com/julien-noblet/download-geofabrik/download-geofabrik.go:239.4,240.18 2 1
github.com/julien-noblet/download-geofabrik/download-geofabrik.go:243.4,243.16 1 1
github.com/julien-noblet/download-geofabrik/download-geofabrik.go:250.4,250.14 1 1
github.com/julien-noblet/download-geofabrik/download-geofabrik.go:229.29,231.5 1 0
github.com/julien-noblet/download-geofabrik/download-geofabrik.go:233.18,235.5 1 0
github.com/julien-noblet/download-geofabrik/download-geofabrik.go:236.29,238.5 1 0
github.com/julien-noblet/download-geofabrik/download-geofabrik.go:240.18,242.5 1 0
github.com/julien-noblet/download-geofabrik/download-geofabrik.go:243.16,244.12 1 0
github.com/julien-noblet/download-geofabrik/download-geofabrik.go:244.12,246.6 1 0
github.com/julien-noblet/download-geofabrik/download-geofabrik.go:246.6,248.6 1 0
github.com/julien-noblet/download-geofabrik/download-geofabrik.go:252.15,254.4 1 0
github.com/julien-noblet/download-geofabrik/download.go:14.59,15.27 1 1
github.com/julien-noblet/download-geofabrik/download.go:19.2,19.19 1 1
github.com/julien-noblet/download-geofabrik/download.go:68.2,68.12 1 1
github.com/julien-noblet/download-geofabrik/download.go:15.27,17.3 1 0
github.com/julien-noblet/download-geofabrik/download.go:19.19,22.17 2 1
github.com/julien-noblet/download-geofabrik/download.go:25.3,27.24 3 1
github.com/julien-noblet/download-geofabrik/download.go:39.3,40.25 2 1
github.com/julien-noblet/download-geofabrik/download.go:48.3,49.17 2 1
github.com/julien-noblet/download-geofabrik/download.go:52.3,52.33 1 1
github.com/julien-noblet/download-geofabrik/download.go:55.3,58.17 3 1
github.com/julien-noblet/download-geofabrik/download.go:61.3,61.15 1 1
github.com/julien-noblet/download-geofabrik/download.go:22.17,24.4 1 0
github.com/julien-noblet/download-geofabrik/download.go:27.24,31.46 3 0
github.com/julien-noblet/download-geofabrik/download.go:34.4,34.18 1 0
github.com/julien-noblet/download-geofabrik/download.go:37.4,37.63 1 0
github.com/julien-noblet/download-geofabrik/download.go:31.46,33.5 1 0
github.com/julien-noblet/download-geofabrik/download.go:34.18,36.5 1 0
github.com/julien-noblet/download-geofabrik/download.go:40.25,43.18 3 0
github.com/julien-noblet/download-geofabrik/download.go:46.4,46.32 1 0
github.com/julien-noblet/download-geofabrik/download.go:43.18,45.5 1 0
github.com/julien-noblet/download-geofabrik/download.go:49.17,51.4 1 0
github.com/julien-noblet/download-geofabrik/download.go:52.33,54.4 1 1
github.com/julien-noblet/download-geofabrik/download.go:58.17,60.4 1 0
github.com/julien-noblet/download-geofabrik/download.go:61.15,63.17 2 0
github.com/julien-noblet/download-geofabrik/download.go:63.17,65.5 1 0
github.com/julien-noblet/download-geofabrik/element.go:16.36,18.2 1 1
github.com/julien-noblet/download-geofabrik/element.go:20.66,22.16 2 1
github.com/julien-noblet/download-geofabrik/element.go:25.2,27.38 2 1
github.com/julien-noblet/download-geofabrik/element.go:30.2,30.17 1 1
github.com/julien-noblet/download-geofabrik/element.go:22.16,24.3 1 1
github.com/julien-noblet/download-geofabrik/element.go:27.38,29.3 1 1
github.com/julien-noblet/download-geofabrik/element.go:33.57,36.16 3 1
github.com/julien-noblet/download-geofabrik/element.go:39.2,39.24 1 1
github.com/julien-noblet/download-geofabrik/element.go:56.2,57.17 2 1
github.com/julien-noblet/download-geofabrik/element.go:36.16,38.3 1 1
github.com/julien-noblet/download-geofabrik/element.go:39.24,41.17 2 1
github.com/julien-noblet/download-geofabrik/element.go:44.3,45.17 2 1
github.com/julien-noblet/download-geofabrik/element.go:48.3,49.24 2 1
github.com/julien-noblet/download-geofabrik/element.go:54.3,54.18 1 1
github.com/julien-noblet/download-geofabrik/element.go:41.17,43.4 1 1
github.com/julien-noblet/download-geofabrik/element.go:45.17,47.4 1 0
github.com/julien-noblet/download-geofabrik/element.go:49.24,51.4 1 1
github.com/julien-noblet/download-geofabrik/element.go:51.4,53.4 1 1
github.com/julien-noblet/download-geofabrik/element.go:60.54,63.33 2 1
github.com/julien-noblet/download-geofabrik/element.go:66.2,66.18 1 1
github.com/julien-noblet/download-geofabrik/element.go:63.33,65.3 1 1
github.com/julien-noblet/download-geofabrik/element.go:72.52,73.26 1 1
github.com/julien-noblet/download-geofabrik/element.go:78.2,78.14 1 1
github.com/julien-noblet/download-geofabrik/element.go:73.26,74.14 1 1
github.com/julien-noblet/download-geofabrik/element.go:74.14,76.4 1 1
github.com/julien-noblet/download-geofabrik/formats.go:14.37,16.25 2 1
github.com/julien-noblet/download-geofabrik/formats.go:34.2,34.30 1 1
github.com/julien-noblet/download-geofabrik/formats.go:16.25,17.15 1 1
github.com/julien-noblet/download-geofabrik/formats.go:18.16,19.16 1 1
github.com/julien-noblet/download-geofabrik/formats.go:20.18,21.16 1 1
github.com/julien-noblet/download-geofabrik/formats.go:22.18,23.16 1 1
github.com/julien-noblet/download-geofabrik/formats.go:24.18,25.16 1 1
github.com/julien-noblet/download-geofabrik/formats.go:26.15,27.16 1 1
github.com/julien-noblet/download-geofabrik/formats.go:28.18,29.16 1 1
github.com/julien-noblet/download-geofabrik/formats.go:30.14,31.16 1 1
github.com/julien-noblet/download-geofabrik/formats.go:38.29,40.14 2 0
github.com/julien-noblet/download-geofabrik/formats.go:43.2,43.14 1 0
github.com/julien-noblet/download-geofabrik/formats.go:46.2,46.14 1 0
github.com/julien-noblet/download-geofabrik/formats.go:49.2,49.14 1 0
github.com/julien-noblet/download-geofabrik/formats.go:52.2,52.13 1 0
github.com/julien-noblet/download-geofabrik/formats.go:55.2,55.12 1 0
github.com/julien-noblet/download-geofabrik/formats.go:58.2,58.11 1 0
github.com/julien-noblet/download-geofabrik/formats.go:61.2,61.26 1 0
github.com/julien-noblet/download-geofabrik/formats.go:64.2,64.20 1 0
github.com/julien-noblet/download-geofabrik/formats.go:40.14,42.3 1 0
github.com/julien-noblet/download-geofabrik/formats.go:43.14,45.3 1 0
github.com/julien-noblet/download-geofabrik/formats.go:46.14,48.3 1 0
github.com/julien-noblet/download-geofabrik/formats.go:49.14,51.3 1 0
github.com/julien-noblet/download-geofabrik/formats.go:52.13,54.3 1 0
github.com/julien-noblet/download-geofabrik/formats.go:55.12,57.3 1 0
github.com/julien-noblet/download-geofabrik/formats.go:58.11,60.3 1 0
github.com/julien-noblet/download-geofabrik/formats.go:61.26,63.3 1 0
github.com/julien-noblet/download-geofabrik/generator.go:23.66,26.2 2 1
github.com/julien-noblet/download-geofabrik/generator.go:35.52,37.21 2 1
github.com/julien-noblet/download-geofabrik/generator.go:37.21,40.12 3 1
github.com/julien-noblet/download-geofabrik/generator.go:40.12,43.40 3 1
github.com/julien-noblet/download-geofabrik/generator.go:43.40,47.5 2 1
github.com/julien-noblet/download-geofabrik/generator.go:52.118,56.74 4 1
github.com/julien-noblet/download-geofabrik/generator.go:191.2,191.18 1 1
github.com/julien-noblet/download-geofabrik/generator.go:56.74,59.24 2 1
github.com/julien-noblet/download-geofabrik/generator.go:65.3,66.43 2 1
github.com/julien-noblet/download-geofabrik/generator.go:104.3,104.36 1 1
github.com/julien-noblet/download-geofabrik/generator.go:108.3,118.34 8 1
github.com/julien-noblet/download-geofabrik/generator.go:130.3,184.29 2 1
github.com/julien-noblet/download-geofabrik/generator.go:187.3,187.56 1 1
github.com/julien-noblet/download-geofabrik/generator.go:59.24,61.4 1 1
github.com/julien-noblet/download-geofabrik/generator.go:61.4,64.4 2 1
github.com/julien-noblet/download-geofabrik/generator.go:66.43,72.29 6 1
github.com/julien-noblet/download-geofabrik/generator.go:72.29,77.13 3 1
github.com/julien-noblet/download-geofabrik/generator.go:101.5,101.12 1 1
github.com/julien-noblet/download-geofabrik/generator.go:77.13,78.19 1 1
github.com/julien-noblet/download-geofabrik/generator.go:79.13,82.32 3 1
github.com/julien-noblet/download-geofabrik/generator.go:83.13,85.32 2 1
github.com/julien-noblet/download-geofabrik/generator.go:86.13,88.32 2 1
github.com/julien-noblet/download-geofabrik/generator.go:89.13,91.32 2 1
github.com/julien-noblet/download-geofabrik/generator.go:92.13,95.32 3 1
github.com/julien-noblet/download-geofabrik/generator.go:96.13,98.32 2 1
github.com/julien-noblet/download-geofabrik/generator.go:104.36,106.4 1 0
github.com/julien-noblet/download-geofabrik/generator.go:118.34,120.38 2 0
github.com/julien-noblet/download-geofabrik/generator.go:120.38,123.5 2 0
github.com/julien-noblet/download-geofabrik/generator.go:123.5,127.5 3 0
github.com/julien-noblet/download-geofabrik/generator.go:184.29,186.4 1 1
github.com/julien-noblet/download-geofabrik/generator.go:187.56,189.4 1 1
github.com/julien-noblet/download-geofabrik/generator.go:194.52,195.42 1 1
github.com/julien-noblet/download-geofabrik/generator.go:209.2,209.12 1 1
github.com/julien-noblet/download-geofabrik/generator.go:195.42,196.34 1 1
github.com/julien-noblet/download-geofabrik/generator.go:199.3,200.27 2 1
github.com/julien-noblet/download-geofabrik/generator.go:205.3,205.30 1 1
github.com/julien-noblet/download-geofabrik/generator.go:196.34,198.4 1 1
github.com/julien-noblet/download-geofabrik/generator.go:200.27,202.4 1 1
github.com/julien-noblet/download-geofabrik/generator.go:202.4,204.4 1 1
github.com/julien-noblet/download-geofabrik/generator.go:206.3,208.3 1 1
github.com/julien-noblet/download-geofabrik/generator.go:212.114,215.43 3 1
github.com/julien-noblet/download-geofabrik/generator.go:220.2,221.31 2 1
github.com/julien-noblet/download-geofabrik/generator.go:266.2,266.18 1 1
github.com/julien-noblet/download-geofabrik/generator.go:215.43,217.3 1 1
github.com/julien-noblet/download-geofabrik/generator.go:217.3,217.50 1 1
github.com/julien-noblet/download-geofabrik/generator.go:217.50,219.3 1 0
github.com/julien-noblet/download-geofabrik/generator.go:221.31,225.30 3 1
github.com/julien-noblet/download-geofabrik/generator.go:225.30,228.12 3 1
github.com/julien-noblet/download-geofabrik/generator.go:228.12,230.181 1 1
github.com/julien-noblet/download-geofabrik/generator.go:230.181,237.44 6 1
github.com/julien-noblet/download-geofabrik/generator.go:240.6,242.31 3 1
github.com/julien-noblet/download-geofabrik/generator.go:245.6,245.55 1 1
github.com/julien-noblet/download-geofabrik/generator.go:237.44,239.7 1 1
github.com/julien-noblet/download-geofabrik/generator.go:242.31,244.7 1 0
github.com/julien-noblet/download-geofabrik/generator.go:245.55,248.7 2 1
github.com/julien-noblet/download-geofabrik/generator.go:248.7,249.32 1 1
github.com/julien-noblet/download-geofabrik/generator.go:253.7,254.31 2 1
github.com/julien-noblet/download-geofabrik/generator.go:259.7,260.28 2 1
github.com/julien-noblet/download-geofabrik/generator.go:249.32,252.8 2 0
github.com/julien-noblet/download-geofabrik/generator.go:254.31,256.8 1 0
github.com/julien-noblet/download-geofabrik/generator.go:256.8,258.8 1 1
github.com/julien-noblet/download-geofabrik/generator.go:270.109,271.27 1 0
github.com/julien-noblet/download-geofabrik/generator.go:274.2,274.24 1 0
github.com/julien-noblet/download-geofabrik/generator.go:271.27,273.3 1 0
github.com/julien-noblet/download-geofabrik/generator.go:275.31,276.41 1 0
github.com/julien-noblet/download-geofabrik/generator.go:277.35,278.37 1 0
github.com/julien-noblet/download-geofabrik/generator.go:279.10,280.73 1 0
github.com/julien-noblet/download-geofabrik/generator.go:286.68,287.15 1 0
github.com/julien-noblet/download-geofabrik/generator.go:290.2,290.34 1 0
github.com/julien-noblet/download-geofabrik/generator.go:326.2,326.14 1 0
github.com/julien-noblet/download-geofabrik/generator.go:287.15,289.3 1 0
github.com/julien-noblet/download-geofabrik/generator.go:290.34,293.3 1 0
github.com/julien-noblet/download-geofabrik/generator.go:293.3,293.63 1 0
github.com/julien-noblet/download-geofabrik/generator.go:293.63,295.3 1 0
github.com/julien-noblet/download-geofabrik/generator.go:295.3,295.63 1 0
github.com/julien-noblet/download-geofabrik/generator.go:295.63,297.3 1 0
github.com/julien-noblet/download-geofabrik/generator.go:297.3,297.59 1 0
github.com/julien-noblet/download-geofabrik/generator.go:297.59,299.3 1 0
github.com/julien-noblet/download-geofabrik/generator.go:299.3,299.60 1 0
github.com/julien-noblet/download-geofabrik/generator.go:299.60,301.3 1 0
github.com/julien-noblet/download-geofabrik/generator.go:301.3,301.56 1 0
github.com/julien-noblet/download-geofabrik/generator.go:301.56,303.3 1 0
github.com/julien-noblet/download-geofabrik/generator.go:303.3,303.53 1 0
github.com/julien-noblet/download-geofabrik/generator.go:303.53,305.3 1 0
github.com/julien-noblet/download-geofabrik/generator.go:305.3,305.53 1 0
github.com/julien-noblet/download-geofabrik/generator.go:305.53,307.3 1 0
github.com/julien-noblet/download-geofabrik/generator.go:307.3,307.54 1 0
github.com/julien-noblet/download-geofabrik/generator.go:307.54,309.3 1 0
github.com/julien-noblet/download-geofabrik/generator.go:309.3,309.53 1 0
github.com/julien-noblet/download-geofabrik/generator.go:309.53,311.3 1 0
github.com/julien-noblet/download-geofabrik/generator.go:311.3,311.53 1 0
github.com/julien-noblet/download-geofabrik/generator.go:311.53,313.3 1 0
github.com/julien-noblet/download-geofabrik/generator.go:313.3,313.53 1 0
github.com/julien-noblet/download-geofabrik/generator.go:313.53,315.3 1 0
github.com/julien-noblet/download-geofabrik/generator.go:315.3,315.50 1 0
github.com/julien-noblet/download-geofabrik/generator.go:315.50,317.3 1 0
github.com/julien-noblet/download-geofabrik/generator.go:317.3,317.58 1 0
github.com/julien-noblet/download-geofabrik/generator.go:317.58,319.3 1 0
github.com/julien-noblet/download-geofabrik/generator.go:319.3,319.54 1 0
github.com/julien-noblet/download-geofabrik/generator.go:319.54,325.3 1 0
github.com/julien-noblet/download-geofabrik/generator.go:330.66,346.16 13 0
github.com/julien-noblet/download-geofabrik/generator.go:346.16,349.3 2 0
github.com/julien-noblet/download-geofabrik/generator.go:353.34,354.19 1 0
github.com/julien-noblet/download-geofabrik/generator.go:355.19,372.15 15 0
github.com/julien-noblet/download-geofabrik/generator.go:376.26,384.15 8 0
github.com/julien-noblet/download-geofabrik/generator.go:372.15,374.4 1 0
github.com/julien-noblet/download-geofabrik/generator.go:384.15,386.4 1 0
